<?xml version="1.0" encoding="UTF-8"?>
<!-- Generated by org.testng.reporters.JUnitXMLReporter -->
<testsuite ignored="0" hostname="DESKTOP-7C4J88S" failures="0" tests="5" name="Surefire test" time="0.165" errors="0" timestamp="2024-08-04T11:40:00 IST">
  <testcase classname="com.TestClassPackage.PrintTheHelloKeyword_Test" name="printHelloKeyword" time="0.013"/>
  <testcase classname="com.TestClassPackage.PrintTheHelloKeyword_Test" name="check2IsGreterThan1" time="0.008"/>
  <testcase classname="com.TestClassPackage.Sample1_Test" name="school1" time="0.001"/>
  <testcase classname="com.TestClassPackage.Sample1_Test" name="school2" time="0.004"/>
  <testcase classname="com.TestClassPackage.Sample1_Test" name="school3" time="0.008"/>
</testsuite> <!-- Surefire test -->
