<?xml version="1.0" encoding="UTF-8"?>
<!-- Generated by org.testng.reporters.JUnitXMLReporter -->
<testsuite ignored="0" hostname="DESKTOP-7C4J88S" failures="0" tests="4" name="Test" time="37.32" errors="0" timestamp="2024-11-25T10:30:54 IST">
  <testcase classname="com.TestClassPackage.DisableNotification_For_ChromeDriver" name="disableNotification_For_ChromeDriver" time="19.079"/>
  <testcase classname="com.TestClassPackage.DisableNotification_For_FirefoxDriver" name="disableNotification_For_FirefoxDriver" time="17.739"/>
  <testcase classname="com.TestClassPackage.PrintTheHelloKeyword_Test" name="printHelloKeyword" time="0.004"/>
  <testcase classname="com.TestClassPackage.Sample1_Test" name="school1" time="0.016"/>
</testsuite> <!-- Test -->
