<?xml version="1.0" encoding="UTF-8"?>
<!-- Generated by org.testng.reporters.JUnitXMLReporter -->
<testsuite ignored="0" hostname="DESKTOP-7C4J88S" failures="0" tests="4" name="Test" time="34.428" errors="0" timestamp="2024-11-26T11:13:39 IST">
  <testcase classname="com.TestClassPackage.DisableNotification_For_ChromeDriver_Test" name="disableNotification_For_ChromeDriver" time="15.748"/>
  <testcase classname="com.TestClassPackage.DisableNotification_For_FirefoxDriver_Test" name="disableNotification_For_FirefoxDriver" time="17.948"/>
  <testcase classname="com.TestClassPackage.PrintTheHelloKeyword_Test" name="printHelloKeyword" time="0.003"/>
  <testcase classname="com.TestClassPackage.Sample1_Test" name="school1" time="0.007"/>
</testsuite> <!-- Test -->
