<?xml version="1.0" encoding="UTF-8"?>
<testng-results ignored="0" total="4" passed="4" failed="0" skipped="0">
  <reporter-output>
  </reporter-output>
  <suite started-at="2024-11-26T11:13:05 IST" name="Suite" finished-at="2024-11-26T11:13:39 IST" duration-ms="34428">
    <groups>
    </groups>
    <test started-at="2024-11-26T11:13:05 IST" name="Test" finished-at="2024-11-26T11:13:39 IST" duration-ms="34428">
      <class name="com.TestClassPackage.DisableNotification_For_ChromeDriver_Test">
        <test-method signature="disableNotification_For_ChromeDriver()[pri:0, instance:com.TestClassPackage.DisableNotification_For_ChromeDriver_Test@123ef382]" started-at="2024-11-26T11:13:05 IST" name="disableNotification_For_ChromeDriver" finished-at="2024-11-26T11:13:20 IST" duration-ms="15748" status="PASS">
          <reporter-output>
          </reporter-output>
        </test-method> <!-- disableNotification_For_ChromeDriver -->
        <test-method is-config="true" signature="tearDown()[pri:0, instance:com.TestClassPackage.DisableNotification_For_ChromeDriver_Test@123ef382]" started-at="2024-11-26T11:13:20 IST" name="tearDown" finished-at="2024-11-26T11:13:21 IST" duration-ms="622" status="PASS">
          <reporter-output>
          </reporter-output>
        </test-method> <!-- tearDown -->
      </class> <!-- com.TestClassPackage.DisableNotification_For_ChromeDriver_Test -->
      <class name="com.TestClassPackage.DisableNotification_For_FirefoxDriver_Test">
        <test-method signature="disableNotification_For_FirefoxDriver()[pri:0, instance:com.TestClassPackage.DisableNotification_For_FirefoxDriver_Test@37afeb11]" started-at="2024-11-26T11:13:21 IST" name="disableNotification_For_FirefoxDriver" finished-at="2024-11-26T11:13:39 IST" duration-ms="17948" status="PASS">
          <reporter-output>
          </reporter-output>
        </test-method> <!-- disableNotification_For_FirefoxDriver -->
      </class> <!-- com.TestClassPackage.DisableNotification_For_FirefoxDriver_Test -->
      <class name="com.TestClassPackage.PrintTheHelloKeyword_Test">
        <test-method signature="printHelloKeyword()[pri:1, instance:com.TestClassPackage.PrintTheHelloKeyword_Test@245b4bdc]" started-at="2024-11-26T11:13:39 IST" name="printHelloKeyword" finished-at="2024-11-26T11:13:39 IST" duration-ms="3" status="PASS">
          <reporter-output>
          </reporter-output>
        </test-method> <!-- printHelloKeyword -->
      </class> <!-- com.TestClassPackage.PrintTheHelloKeyword_Test -->
      <class name="com.TestClassPackage.Sample1_Test">
        <test-method signature="school1()[pri:0, instance:com.TestClassPackage.Sample1_Test@6c64cb25]" started-at="2024-11-26T11:13:39 IST" name="school1" finished-at="2024-11-26T11:13:39 IST" duration-ms="7" status="PASS">
          <reporter-output>
          </reporter-output>
        </test-method> <!-- school1 -->
      </class> <!-- com.TestClassPackage.Sample1_Test -->
    </test> <!-- Test -->
  </suite> <!-- Suite -->
</testng-results>
